<?xml version="1.0" encoding="UTF-8"?>
<!-- Generated by org.testng.reporters.JUnitReportReporter -->
<testsuite hostname="TNJ10038LMVTAWW" name="com.testmadi.tests.ExcelRead" tests="2" failures="0" timestamp="20 Nov 2016 16:00:10 GMT" time="3.794" errors="0">
  <testcase name="readDataFromExcel" time="0.398" classname="com.testmadi.tests.ExcelRead"/>
  <testcase name="geckoDriver" time="3.396" classname="com.testmadi.tests.ExcelRead"/>
</testsuite> <!-- com.testmadi.tests.ExcelRead -->
