<?xml version="1.0" encoding="UTF-8"?>
<!-- Generated by org.testng.reporters.JUnitReportReporter -->
<testsuite hostname="TNJ10038LMVTAWW" name="com.testmadi.tests.LoginTest" tests="1" failures="0" timestamp="20 Nov 2016 22:58:45 GMT" time="6.362" errors="0">
  <testcase name="loginToApp" time="6.362" classname="com.testmadi.tests.LoginTest"/>
</testsuite> <!-- com.testmadi.tests.LoginTest -->
