<?xml version="1.0" encoding="UTF-8"?>
<!-- Generated by org.testng.reporters.JUnitReportReporter -->
<testsuite hostname="TNJ10038LMVTAWW" name="com.testmadi.tests.LoginTest" tests="4" failures="0" timestamp="19 Nov 2016 21:01:28 GMT" time="33.953" errors="0">
  <testcase name="loginToApp2" time="9.036" classname="com.testmadi.tests.LoginTest"/>
  <testcase name="loginToApp" time="8.910" classname="com.testmadi.tests.LoginTest"/>
  <testcase name="loginToApp3" time="8.142" classname="com.testmadi.tests.LoginTest"/>
  <testcase name="loginToApp1" time="7.865" classname="com.testmadi.tests.LoginTest"/>
</testsuite> <!-- com.testmadi.tests.LoginTest -->
