<?xml version="1.0" encoding="UTF-8"?>
<!-- Generated by org.testng.reporters.JUnitReportReporter -->
<testsuite hostname="TNJ10038LMVTAWW" name="com.testmadi.tests.LoginTest" tests="4" failures="0" timestamp="20 Nov 2016 16:10:09 GMT" time="37.903" errors="0">
  <testcase name="loginToApp3" time="9.353" classname="com.testmadi.tests.LoginTest"/>
  <testcase name="loginToApp" time="9.711" classname="com.testmadi.tests.LoginTest"/>
  <testcase name="loginToApp2" time="9.487" classname="com.testmadi.tests.LoginTest"/>
  <testcase name="loginToApp1" time="9.352" classname="com.testmadi.tests.LoginTest"/>
</testsuite> <!-- com.testmadi.tests.LoginTest -->
