<?xml version="1.0" encoding="UTF-8"?>
<!-- Generated by org.testng.reporters.JUnitReportReporter -->
<testsuite hostname="TNJ10038LMVTAWW" name="com.testmadi.tests.ExcelRead" tests="1" failures="0" timestamp="20 Nov 2016 18:42:48 GMT" time="7.921" errors="0">
  <testcase name="geckoDriver" time="7.921" classname="com.testmadi.tests.ExcelRead"/>
</testsuite> <!-- com.testmadi.tests.ExcelRead -->
